<?xml version="1.0" encoding="UTF-8"?>
<!-- Generated by org.testng.reporters.JUnitReportReporter -->
<testsuite hostname="LAPTOP-VHB7ON30" failures="0" tests="1" name="Academy.validateNavigationBar" time="0.047" errors="0" timestamp="11 Sep 2021 12:10:08 GMT">
  <testcase classname="Academy.validateNavigationBar" name="validateAppNavBar" time="0.047"/>
</testsuite> <!-- Academy.validateNavigationBar -->
