<?xml version="1.0" encoding="UTF-8"?>
<!-- Generated by org.testng.reporters.JUnitReportReporter -->
<testsuite hostname="LAPTOP-VHB7ON30" failures="0" tests="2" name="Academy.HomePage" time="7.106" errors="0" timestamp="11 Sep 2021 12:10:08 GMT">
  <testcase classname="Academy.HomePage" name="basePageNavigation" time="4.999"/>
  <testcase classname="Academy.HomePage" name="basePageNavigation" time="2.107"/>
</testsuite> <!-- Academy.HomePage -->
